2025-12-15 08:00:50,327 [myid:] - INFO  [main:o.a.z.s.q.QuorumPeerConfig@177] - Reading configuration from: /home/mikles64/Documentos/Distribuidos/Clase41/apache-zookeeper-3.9.4-bin/bin/../conf/zoo.cfg
2025-12-15 08:00:50,351 [myid:] - INFO  [main:o.a.z.s.q.QuorumPeerConfig@440] - clientPortAddress is 0.0.0.0:2181
2025-12-15 08:00:50,353 [myid:] - INFO  [main:o.a.z.s.q.QuorumPeerConfig@444] - secureClientPort is not set
2025-12-15 08:00:50,353 [myid:] - INFO  [main:o.a.z.s.q.QuorumPeerConfig@460] - observerMasterPort is not set
2025-12-15 08:00:50,353 [myid:] - INFO  [main:o.a.z.s.q.QuorumPeerConfig@477] - metricsProvider.className is org.apache.zookeeper.metrics.impl.DefaultMetricsProvider
2025-12-15 08:00:50,371 [myid:] - INFO  [main:o.a.z.s.DatadirCleanupManager@78] - autopurge.snapRetainCount set to 3
2025-12-15 08:00:50,372 [myid:] - INFO  [main:o.a.z.s.DatadirCleanupManager@79] - autopurge.purgeInterval set to 0
2025-12-15 08:00:50,372 [myid:] - INFO  [main:o.a.z.s.DatadirCleanupManager@101] - Purge task is not scheduled.
2025-12-15 08:00:50,372 [myid:] - WARN  [main:o.a.z.s.q.QuorumPeerMain@139] - Either no config or no quorum defined in config, running in standalone mode
2025-12-15 08:00:50,374 [myid:] - INFO  [main:o.a.z.j.ManagedUtil@46] - Log4j 1.2 jmx support not found; jmx disabled.
2025-12-15 08:00:50,375 [myid:] - INFO  [main:o.a.z.s.q.QuorumPeerConfig@177] - Reading configuration from: /home/mikles64/Documentos/Distribuidos/Clase41/apache-zookeeper-3.9.4-bin/bin/../conf/zoo.cfg
2025-12-15 08:00:50,375 [myid:] - INFO  [main:o.a.z.s.q.QuorumPeerConfig@440] - clientPortAddress is 0.0.0.0:2181
2025-12-15 08:00:50,375 [myid:] - INFO  [main:o.a.z.s.q.QuorumPeerConfig@444] - secureClientPort is not set
2025-12-15 08:00:50,376 [myid:] - INFO  [main:o.a.z.s.q.QuorumPeerConfig@460] - observerMasterPort is not set
2025-12-15 08:00:50,376 [myid:] - INFO  [main:o.a.z.s.q.QuorumPeerConfig@477] - metricsProvider.className is org.apache.zookeeper.metrics.impl.DefaultMetricsProvider
2025-12-15 08:00:50,376 [myid:] - INFO  [main:o.a.z.s.ZooKeeperServerMain@123] - Starting server
2025-12-15 08:00:50,443 [myid:] - INFO  [main:o.a.z.s.ServerMetrics@64] - ServerMetrics initialized with provider org.apache.zookeeper.metrics.impl.DefaultMetricsProvider@484970b0
2025-12-15 08:00:50,447 [myid:] - INFO  [main:o.a.z.s.a.DigestAuthenticationProvider@51] - ACL digest algorithm is: SHA1
2025-12-15 08:00:50,447 [myid:] - INFO  [main:o.a.z.s.a.DigestAuthenticationProvider@65] - zookeeper.DigestAuthenticationProvider.enabled = true
2025-12-15 08:00:50,449 [myid:] - INFO  [main:o.a.z.s.p.FileTxnSnapLog@124] - zookeeper.snapshot.trust.empty : false
2025-12-15 08:00:50,518 [myid:] - INFO  [main:o.a.z.ZookeeperBanner@42] - 
2025-12-15 08:00:50,519 [myid:] - INFO  [main:o.a.z.ZookeeperBanner@42] -   ______                  _                                          
2025-12-15 08:00:50,519 [myid:] - INFO  [main:o.a.z.ZookeeperBanner@42] -  |___  /                 | |                                         
2025-12-15 08:00:50,519 [myid:] - INFO  [main:o.a.z.ZookeeperBanner@42] -     / /    ___     ___   | | __   ___    ___   _ __     ___   _ __   
2025-12-15 08:00:50,519 [myid:] - INFO  [main:o.a.z.ZookeeperBanner@42] -    / /    / _ \   / _ \  | |/ /  / _ \  / _ \ | '_ \   / _ \ | '__|
2025-12-15 08:00:50,519 [myid:] - INFO  [main:o.a.z.ZookeeperBanner@42] -   / /__  | (_) | | (_) | |   <  |  __/ |  __/ | |_) | |  __/ | |    
2025-12-15 08:00:50,520 [myid:] - INFO  [main:o.a.z.ZookeeperBanner@42] -  /_____|  \___/   \___/  |_|\_\  \___|  \___| | .__/   \___| |_|
2025-12-15 08:00:50,520 [myid:] - INFO  [main:o.a.z.ZookeeperBanner@42] -                                               | |                     
2025-12-15 08:00:50,520 [myid:] - INFO  [main:o.a.z.ZookeeperBanner@42] -                                               |_|                     
2025-12-15 08:00:50,520 [myid:] - INFO  [main:o.a.z.ZookeeperBanner@42] - 
2025-12-15 08:00:50,524 [myid:] - INFO  [main:o.a.z.Environment@98] - Server environment:zookeeper.version=3.9.4-7246445ec281f3dbf53dc54e970c914f39713903, built on 2025-08-19 19:53 UTC
2025-12-15 08:00:50,524 [myid:] - INFO  [main:o.a.z.Environment@98] - Server environment:host.name=mikles64
2025-12-15 08:00:50,525 [myid:] - INFO  [main:o.a.z.Environment@98] - Server environment:java.version=17.0.17
2025-12-15 08:00:50,525 [myid:] - INFO  [main:o.a.z.Environment@98] - Server environment:java.vendor=Ubuntu
2025-12-15 08:00:50,525 [myid:] - INFO  [main:o.a.z.Environment@98] - Server environment:java.home=/usr/lib/jvm/java-17-openjdk-amd64
2025-12-15 08:00:50,525 [myid:] - INFO  [main:o.a.z.Environment@98] - Server environment:java.class.path=/home/mikles64/Documentos/Distribuidos/Clase41/apache-zookeeper-3.9.4-bin/bin/../zookeeper-metrics-providers/zookeeper-prometheus-metrics/target/classes:/home/mikles64/Documentos/Distribuidos/Clase41/apache-zookeeper-3.9.4-bin/bin/../zookeeper-server/target/classes:/home/mikles64/Documentos/Distribuidos/Clase41/apache-zookeeper-3.9.4-bin/bin/../build/classes:/home/mikles64/Documentos/Distribuidos/Clase41/apache-zookeeper-3.9.4-bin/bin/../zookeeper-metrics-providers/zookeeper-prometheus-metrics/target/lib/*.jar:/home/mikles64/Documentos/Distribuidos/Clase41/apache-zookeeper-3.9.4-bin/bin/../zookeeper-server/target/lib/*.jar:/home/mikles64/Documentos/Distribuidos/Clase41/apache-zookeeper-3.9.4-bin/bin/../build/lib/*.jar:/home/mikles64/Documentos/Distribuidos/Clase41/apache-zookeeper-3.9.4-bin/bin/../lib/zookeeper-prometheus-metrics-3.9.4.jar:/home/mikles64/Documentos/Distribuidos/Clase41/apache-zookeeper-3.9.4-bin/bin/../lib/zookeeper-jute-3.9.4.jar:/home/mikles64/Documentos/Distribuidos/Clase41/apache-zookeeper-3.9.4-bin/bin/../lib/zookeeper-3.9.4.jar:/home/mikles64/Documentos/Distribuidos/Clase41/apache-zookeeper-3.9.4-bin/bin/../lib/snappy-java-1.1.10.5.jar:/home/mikles64/Documentos/Distribuidos/Clase41/apache-zookeeper-3.9.4-bin/bin/../lib/slf4j-api-2.0.13.jar:/home/mikles64/Documentos/Distribuidos/Clase41/apache-zookeeper-3.9.4-bin/bin/../lib/simpleclient_servlet-0.9.0.jar:/home/mikles64/Documentos/Distribuidos/Clase41/apache-zookeeper-3.9.4-bin/bin/../lib/simpleclient_hotspot-0.9.0.jar:/home/mikles64/Documentos/Distribuidos/Clase41/apache-zookeeper-3.9.4-bin/bin/../lib/simpleclient_common-0.9.0.jar:/home/mikles64/Documentos/Distribuidos/Clase41/apache-zookeeper-3.9.4-bin/bin/../lib/simpleclient-0.9.0.jar:/home/mikles64/Documentos/Distribuidos/Clase41/apache-zookeeper-3.9.4-bin/bin/../lib/netty-transport-native-unix-common-4.1.119.Final.jar:/home/mikles64/Documentos/Distribuidos/Clase41/apache-zookeeper-3.9.4-bin/bin/../lib/netty-transport-native-epoll-4.1.119.Final-linux-x86_64.jar:/home/mikles64/Documentos/Distribuidos/Clase41/apache-zookeeper-3.9.4-bin/bin/../lib/netty-transport-classes-epoll-4.1.119.Final.jar:/home/mikles64/Documentos/Distribuidos/Clase41/apache-zookeeper-3.9.4-bin/bin/../lib/netty-transport-4.1.119.Final.jar:/home/mikles64/Documentos/Distribuidos/Clase41/apache-zookeeper-3.9.4-bin/bin/../lib/netty-tcnative-classes-2.0.70.Final.jar:/home/mikles64/Documentos/Distribuidos/Clase41/apache-zookeeper-3.9.4-bin/bin/../lib/netty-tcnative-boringssl-static-2.0.70.Final-windows-x86_64.jar:/home/mikles64/Documentos/Distribuidos/Clase41/apache-zookeeper-3.9.4-bin/bin/../lib/netty-tcnative-boringssl-static-2.0.70.Final-osx-x86_64.jar:/home/mikles64/Documentos/Distribuidos/Clase41/apache-zookeeper-3.9.4-bin/bin/../lib/netty-tcnative-boringssl-static-2.0.70.Final-osx-aarch_64.jar:/home/mikles64/Documentos/Distribuidos/Clase41/apache-zookeeper-3.9.4-bin/bin/../lib/netty-tcnative-boringssl-static-2.0.70.Final-linux-x86_64.jar:/home/mikles64/Documentos/Distribuidos/Clase41/apache-zookeeper-3.9.4-bin/bin/../lib/netty-tcnative-boringssl-static-2.0.70.Final-linux-aarch_64.jar:/home/mikles64/Documentos/Distribuidos/Clase41/apache-zookeeper-3.9.4-bin/bin/../lib/netty-tcnative-boringssl-static-2.0.70.Final.jar:/home/mikles64/Documentos/Distribuidos/Clase41/apache-zookeeper-3.9.4-bin/bin/../lib/netty-resolver-4.1.119.Final.jar:/home/mikles64/Documentos/Distribuidos/Clase41/apache-zookeeper-3.9.4-bin/bin/../lib/netty-handler-4.1.119.Final.jar:/home/mikles64/Documentos/Distribuidos/Clase41/apache-zookeeper-3.9.4-bin/bin/../lib/netty-common-4.1.119.Final.jar:/home/mikles64/Documentos/Distribuidos/Clase41/apache-zookeeper-3.9.4-bin/bin/../lib/netty-codec-4.1.119.Final.jar:/home/mikles64/Documentos/Distribuidos/Clase41/apache-zookeeper-3.9.4-bin/bin/../lib/netty-buffer-4.1.119.Final.jar:/home/mikles64/Documentos/Distribuidos/Clase41/apache-zookeeper-3.9.4-bin/bin/../lib/metrics-core-4.1.12.1.jar:/home/mikles64/Documentos/Distribuidos/Clase41/apache-zookeeper-3.9.4-bin/bin/../lib/logback-core-1.3.15.jar:/home/mikles64/Documentos/Distribuidos/Clase41/apache-zookeeper-3.9.4-bin/bin/../lib/logback-classic-1.3.15.jar:/home/mikles64/Documentos/Distribuidos/Clase41/apache-zookeeper-3.9.4-bin/bin/../lib/jline-2.14.6.jar:/home/mikles64/Documentos/Distribuidos/Clase41/apache-zookeeper-3.9.4-bin/bin/../lib/jetty-util-ajax-9.4.57.v20241219.jar:/home/mikles64/Documentos/Distribuidos/Clase41/apache-zookeeper-3.9.4-bin/bin/../lib/jetty-util-9.4.57.v20241219.jar:/home/mikles64/Documentos/Distribuidos/Clase41/apache-zookeeper-3.9.4-bin/bin/../lib/jetty-servlet-9.4.57.v20241219.jar:/home/mikles64/Documentos/Distribuidos/Clase41/apache-zookeeper-3.9.4-bin/bin/../lib/jetty-server-9.4.57.v20241219.jar:/home/mikles64/Documentos/Distribuidos/Clase41/apache-zookeeper-3.9.4-bin/bin/../lib/jetty-security-9.4.57.v20241219.jar:/home/mikles64/Documentos/Distribuidos/Clase41/apache-zookeeper-3.9.4-bin/bin/../lib/jetty-io-9.4.57.v20241219.jar:/home/mikles64/Documentos/Distribuidos/Clase41/apache-zookeeper-3.9.4-bin/bin/../lib/jetty-http-9.4.57.v20241219.jar:/home/mikles64/Documentos/Distribuidos/Clase41/apache-zookeeper-3.9.4-bin/bin/../lib/javax.servlet-api-3.1.0.jar:/home/mikles64/Documentos/Distribuidos/Clase41/apache-zookeeper-3.9.4-bin/bin/../lib/jackson-databind-2.15.2.jar:/home/mikles64/Documentos/Distribuidos/Clase41/apache-zookeeper-3.9.4-bin/bin/../lib/jackson-core-2.15.2.jar:/home/mikles64/Documentos/Distribuidos/Clase41/apache-zookeeper-3.9.4-bin/bin/../lib/jackson-annotations-2.15.2.jar:/home/mikles64/Documentos/Distribuidos/Clase41/apache-zookeeper-3.9.4-bin/bin/../lib/commons-io-2.17.0.jar:/home/mikles64/Documentos/Distribuidos/Clase41/apache-zookeeper-3.9.4-bin/bin/../lib/commons-cli-1.5.0.jar:/home/mikles64/Documentos/Distribuidos/Clase41/apache-zookeeper-3.9.4-bin/bin/../lib/audience-annotations-0.12.0.jar:/home/mikles64/Documentos/Distribuidos/Clase41/apache-zookeeper-3.9.4-bin/bin/../zookeeper-*.jar:/home/mikles64/Documentos/Distribuidos/Clase41/apache-zookeeper-3.9.4-bin/bin/../zookeeper-server/src/main/resources/lib/*.jar:/home/mikles64/Documentos/Distribuidos/Clase41/apache-zookeeper-3.9.4-bin/bin/../conf:
2025-12-15 08:00:50,526 [myid:] - INFO  [main:o.a.z.Environment@98] - Server environment:java.library.path=/usr/java/packages/lib:/usr/lib/x86_64-linux-gnu/jni:/lib/x86_64-linux-gnu:/usr/lib/x86_64-linux-gnu:/usr/lib/jni:/lib:/usr/lib
2025-12-15 08:00:50,526 [myid:] - INFO  [main:o.a.z.Environment@98] - Server environment:java.io.tmpdir=/tmp
2025-12-15 08:00:50,526 [myid:] - INFO  [main:o.a.z.Environment@98] - Server environment:java.compiler=<NA>
2025-12-15 08:00:50,526 [myid:] - INFO  [main:o.a.z.Environment@98] - Server environment:os.name=Linux
2025-12-15 08:00:50,527 [myid:] - INFO  [main:o.a.z.Environment@98] - Server environment:os.arch=amd64
2025-12-15 08:00:50,527 [myid:] - INFO  [main:o.a.z.Environment@98] - Server environment:os.version=6.8.0-90-generic
2025-12-15 08:00:50,527 [myid:] - INFO  [main:o.a.z.Environment@98] - Server environment:user.name=mikles64
2025-12-15 08:00:50,528 [myid:] - INFO  [main:o.a.z.Environment@98] - Server environment:user.home=/home/mikles64
2025-12-15 08:00:50,528 [myid:] - INFO  [main:o.a.z.Environment@98] - Server environment:user.dir=/home/mikles64/Documentos/Distribuidos/Clase41/apache-zookeeper-3.9.4-bin/bin
2025-12-15 08:00:50,529 [myid:] - INFO  [main:o.a.z.Environment@98] - Server environment:os.memory.free=117MB
2025-12-15 08:00:50,529 [myid:] - INFO  [main:o.a.z.Environment@98] - Server environment:os.memory.max=1000MB
2025-12-15 08:00:50,529 [myid:] - INFO  [main:o.a.z.Environment@98] - Server environment:os.memory.total=126MB
2025-12-15 08:00:50,530 [myid:] - INFO  [main:o.a.z.s.ZooKeeperServer@151] - zookeeper.enableEagerACLCheck = false
2025-12-15 08:00:50,530 [myid:] - INFO  [main:o.a.z.s.ZooKeeperServer@164] - zookeeper.digest.enabled = true
2025-12-15 08:00:50,530 [myid:] - INFO  [main:o.a.z.s.ZooKeeperServer@168] - zookeeper.closeSessionTxn.enabled = true
2025-12-15 08:00:50,530 [myid:] - INFO  [main:o.a.z.s.ZooKeeperServer@2237] - zookeeper.serializeLastProcessedZxid.enabled = true
2025-12-15 08:00:50,531 [myid:] - INFO  [main:o.a.z.s.ZooKeeperServer@1585] - zookeeper.flushDelay = 0 ms
2025-12-15 08:00:50,531 [myid:] - INFO  [main:o.a.z.s.ZooKeeperServer@1594] - zookeeper.maxWriteQueuePollTime = 0 ms
2025-12-15 08:00:50,532 [myid:] - INFO  [main:o.a.z.s.ZooKeeperServer@1603] - zookeeper.maxBatchSize=1000
2025-12-15 08:00:50,532 [myid:] - INFO  [main:o.a.z.s.ZooKeeperServer@289] - zookeeper.intBufferStartingSizeBytes = 1024
2025-12-15 08:00:50,534 [myid:] - INFO  [main:o.a.z.s.BlueThrottle@141] - Weighed connection throttling is disabled
2025-12-15 08:00:50,536 [myid:] - INFO  [main:o.a.z.s.AuthenticationHelper@66] - zookeeper.enforce.auth.enabled = false
2025-12-15 08:00:50,537 [myid:] - INFO  [main:o.a.z.s.AuthenticationHelper@67] - zookeeper.enforce.auth.schemes = []
2025-12-15 08:00:50,539 [myid:] - INFO  [main:o.a.z.s.ZooKeeperServer@1395] - minSessionTimeout set to 4000 ms
2025-12-15 08:00:50,539 [myid:] - INFO  [main:o.a.z.s.ZooKeeperServer@1404] - maxSessionTimeout set to 40000 ms
2025-12-15 08:00:50,541 [myid:] - INFO  [main:o.a.z.s.ResponseCache@50] - getData response cache size is initialized with value 400.
2025-12-15 08:00:50,541 [myid:] - INFO  [main:o.a.z.s.ResponseCache@50] - getChildren response cache size is initialized with value 400.
2025-12-15 08:00:50,543 [myid:] - INFO  [main:o.a.z.s.u.RequestPathMetricsCollector@109] - zookeeper.pathStats.slotCapacity = 60
2025-12-15 08:00:50,543 [myid:] - INFO  [main:o.a.z.s.u.RequestPathMetricsCollector@110] - zookeeper.pathStats.slotDuration = 15
2025-12-15 08:00:50,544 [myid:] - INFO  [main:o.a.z.s.u.RequestPathMetricsCollector@111] - zookeeper.pathStats.maxDepth = 6
2025-12-15 08:00:50,544 [myid:] - INFO  [main:o.a.z.s.u.RequestPathMetricsCollector@112] - zookeeper.pathStats.initialDelay = 5
2025-12-15 08:00:50,544 [myid:] - INFO  [main:o.a.z.s.u.RequestPathMetricsCollector@113] - zookeeper.pathStats.delay = 5
2025-12-15 08:00:50,545 [myid:] - INFO  [main:o.a.z.s.u.RequestPathMetricsCollector@114] - zookeeper.pathStats.enabled = false
2025-12-15 08:00:50,549 [myid:] - INFO  [main:o.a.z.s.ZooKeeperServer@1622] - The max bytes for all large requests are set to 104857600
2025-12-15 08:00:50,549 [myid:] - INFO  [main:o.a.z.s.ZooKeeperServer@1636] - The large request threshold is set to -1
2025-12-15 08:00:50,549 [myid:] - INFO  [main:o.a.z.s.ZooKeeperServer@387] - Created server with tickTime 2000 ms minSessionTimeout 4000 ms maxSessionTimeout 40000 ms clientPortListenBacklog -1 dataLogdir /home/mikles64/Documentos/Distribuidos/Clase41/apache-zookeeper-3.9.4-bin/logs/version-2 snapdir /home/mikles64/Documentos/Distribuidos/Clase41/apache-zookeeper-3.9.4-bin/logs/version-2
2025-12-15 08:00:50,592 [myid:] - INFO  [main:o.e.j.u.l.Log@170] - Logging initialized @1023ms to org.eclipse.jetty.util.log.Slf4jLog
2025-12-15 08:00:50,723 [myid:] - WARN  [main:o.e.j.s.h.ContextHandler@1662] - o.e.j.s.ServletContextHandler@6f01b95f{/,null,STOPPED} contextPath ends with /*
2025-12-15 08:00:50,723 [myid:] - WARN  [main:o.e.j.s.h.ContextHandler@1673] - Empty contextPath
2025-12-15 08:00:50,748 [myid:] - INFO  [main:o.e.j.s.Server@375] - jetty-9.4.57.v20241219; built: 2025-01-08T21:24:30.412Z; git: df524e6b29271c2e09ba9aea83c18dc9db464a31; jvm 17.0.17+10-Ubuntu-124.04
2025-12-15 08:00:50,797 [myid:] - INFO  [main:o.e.j.s.s.DefaultSessionIdManager@334] - DefaultSessionIdManager workerName=node0
2025-12-15 08:00:50,797 [myid:] - INFO  [main:o.e.j.s.s.DefaultSessionIdManager@339] - No SessionScavenger set, using defaults
2025-12-15 08:00:50,799 [myid:] - INFO  [main:o.e.j.s.s.HouseKeeper@132] - node0 Scavenging every 660000ms
2025-12-15 08:00:50,804 [myid:] - WARN  [main:o.e.j.s.ConstraintSecurityHandler@759] - ServletContext@o.e.j.s.ServletContextHandler@6f01b95f{/,null,STARTING} has uncovered http methods for path: /*
2025-12-15 08:00:50,845 [myid:] - INFO  [main:o.e.j.s.h.ContextHandler@921] - Started o.e.j.s.ServletContextHandler@6f01b95f{/,null,AVAILABLE}
2025-12-15 08:00:50,988 [myid:] - INFO  [main:o.e.j.s.AbstractConnector@333] - Started ServerConnector@7674f035{HTTP/1.1, (http/1.1)}{0.0.0.0:8080}
2025-12-15 08:00:50,989 [myid:] - INFO  [main:o.e.j.s.Server@415] - Started @1439ms
2025-12-15 08:00:50,989 [myid:] - INFO  [main:o.a.z.s.a.JettyAdminServer@201] - Started AdminServer on address 0.0.0.0, port 8080 and command URL /commands
2025-12-15 08:00:51,066 [myid:] - INFO  [main:o.a.z.s.ServerCnxnFactory@172] - Using org.apache.zookeeper.server.NIOServerCnxnFactory as server connection factory
2025-12-15 08:00:51,118 [myid:] - WARN  [main:o.a.z.s.ServerCnxnFactory@337] - maxCnxns is not configured, using default value 0.
2025-12-15 08:00:51,123 [myid:] - INFO  [main:o.a.z.s.NIOServerCnxnFactory@652] - Configuring NIO connection handler with 10s sessionless connection timeout, 1 selector thread(s), 8 worker threads, and 64 kB direct buffers.
2025-12-15 08:00:51,126 [myid:] - INFO  [main:o.a.z.s.NIOServerCnxnFactory@660] - binding to port 0.0.0.0/0.0.0.0:2181
2025-12-15 08:00:51,151 [myid:] - INFO  [main:o.a.z.s.w.WatchManagerFactory@42] - Using org.apache.zookeeper.server.watch.WatchManager as watch manager
2025-12-15 08:00:51,151 [myid:] - INFO  [main:o.a.z.s.w.WatchManagerFactory@42] - Using org.apache.zookeeper.server.watch.WatchManager as watch manager
2025-12-15 08:00:51,152 [myid:] - INFO  [main:o.a.z.s.ZKDatabase@137] - zookeeper.snapshotSizeFactor = 0.33
2025-12-15 08:00:51,152 [myid:] - INFO  [main:o.a.z.s.ZKDatabase@157] - zookeeper.commitLogCount=500
2025-12-15 08:00:51,161 [myid:] - INFO  [main:o.a.z.s.p.SnapStream@61] - zookeeper.snapshot.compression.method = CHECKED
2025-12-15 08:00:51,162 [myid:] - INFO  [main:o.a.z.s.p.FileTxnSnapLog@480] - Snapshotting: 0x0 to /home/mikles64/Documentos/Distribuidos/Clase41/apache-zookeeper-3.9.4-bin/logs/version-2/snapshot.0
2025-12-15 08:00:51,167 [myid:] - INFO  [main:o.a.z.s.ZKDatabase@294] - Snapshot loaded in 14 ms, highest zxid is 0x0, digest is 1371985504
2025-12-15 08:00:51,168 [myid:] - INFO  [main:o.a.z.s.p.FileTxnSnapLog@480] - Snapshotting: 0x0 to /home/mikles64/Documentos/Distribuidos/Clase41/apache-zookeeper-3.9.4-bin/logs/version-2/snapshot.0
2025-12-15 08:00:51,169 [myid:] - INFO  [main:o.a.z.s.ZooKeeperServer@588] - Snapshot taken in 1 ms
2025-12-15 08:00:51,181 [myid:] - INFO  [ProcessThread(sid:0 cport:2181)::o.a.z.s.PrepRequestProcessor@138] - PrepRequestProcessor (sid:0) started, reconfigEnabled=false
2025-12-15 08:00:51,181 [myid:] - INFO  [main:o.a.z.s.RequestThrottler@75] - zookeeper.request_throttler.shutdownTimeout = 10000 ms
2025-12-15 08:00:51,206 [myid:] - INFO  [main:o.a.z.s.ContainerManager@83] - Using checkIntervalMs=60000 maxPerMinute=10000 maxNeverUsedIntervalMs=0
2025-12-15 08:00:51,207 [myid:] - INFO  [main:o.a.z.a.ZKAuditProvider@42] - ZooKeeper audit is disabled.
