2026-01-05 08:12:32,853 [myid:] - INFO  [main:QuorumPeerConfig@174] - Reading configuration from: /home/mikles64/Documentos/Distribuidos/Clase44/apache-zookeeper-3.6.3-bin/bin/../conf/zoo.cfg
2026-01-05 08:12:32,858 [myid:] - INFO  [main:QuorumPeerConfig@460] - clientPortAddress is 0.0.0.0:2181
2026-01-05 08:12:32,859 [myid:] - INFO  [main:QuorumPeerConfig@464] - secureClientPort is not set
2026-01-05 08:12:32,859 [myid:] - INFO  [main:QuorumPeerConfig@480] - observerMasterPort is not set
2026-01-05 08:12:32,859 [myid:] - INFO  [main:QuorumPeerConfig@497] - metricsProvider.className is org.apache.zookeeper.metrics.impl.DefaultMetricsProvider
2026-01-05 08:12:32,861 [myid:] - INFO  [main:DatadirCleanupManager@78] - autopurge.snapRetainCount set to 3
2026-01-05 08:12:32,862 [myid:] - INFO  [main:DatadirCleanupManager@79] - autopurge.purgeInterval set to 0
2026-01-05 08:12:32,862 [myid:] - INFO  [main:DatadirCleanupManager@101] - Purge task is not scheduled.
2026-01-05 08:12:32,862 [myid:] - WARN  [main:QuorumPeerMain@138] - Either no config or no quorum defined in config, running in standalone mode
2026-01-05 08:12:32,896 [myid:] - INFO  [main:ManagedUtil@44] - Log4j 1.2 jmx support found and enabled.
2026-01-05 08:12:32,905 [myid:] - INFO  [main:QuorumPeerConfig@174] - Reading configuration from: /home/mikles64/Documentos/Distribuidos/Clase44/apache-zookeeper-3.6.3-bin/bin/../conf/zoo.cfg
2026-01-05 08:12:32,906 [myid:] - INFO  [main:QuorumPeerConfig@460] - clientPortAddress is 0.0.0.0:2181
2026-01-05 08:12:32,906 [myid:] - INFO  [main:QuorumPeerConfig@464] - secureClientPort is not set
2026-01-05 08:12:32,906 [myid:] - INFO  [main:QuorumPeerConfig@480] - observerMasterPort is not set
2026-01-05 08:12:32,907 [myid:] - INFO  [main:QuorumPeerConfig@497] - metricsProvider.className is org.apache.zookeeper.metrics.impl.DefaultMetricsProvider
2026-01-05 08:12:32,907 [myid:] - INFO  [main:ZooKeeperServerMain@122] - Starting server
2026-01-05 08:12:32,930 [myid:] - INFO  [main:ServerMetrics@62] - ServerMetrics initialized with provider org.apache.zookeeper.metrics.impl.DefaultMetricsProvider@51b7e5df
2026-01-05 08:12:32,934 [myid:] - INFO  [main:FileTxnSnapLog@124] - zookeeper.snapshot.trust.empty : false
2026-01-05 08:12:32,953 [myid:] - INFO  [main:ZookeeperBanner@42] - 
2026-01-05 08:12:32,953 [myid:] - INFO  [main:ZookeeperBanner@42] -   ______                  _                                          
2026-01-05 08:12:32,953 [myid:] - INFO  [main:ZookeeperBanner@42] -  |___  /                 | |                                         
2026-01-05 08:12:32,953 [myid:] - INFO  [main:ZookeeperBanner@42] -     / /    ___     ___   | | __   ___    ___   _ __     ___   _ __   
2026-01-05 08:12:32,953 [myid:] - INFO  [main:ZookeeperBanner@42] -    / /    / _ \   / _ \  | |/ /  / _ \  / _ \ | '_ \   / _ \ | '__|
2026-01-05 08:12:32,954 [myid:] - INFO  [main:ZookeeperBanner@42] -   / /__  | (_) | | (_) | |   <  |  __/ |  __/ | |_) | |  __/ | |    
2026-01-05 08:12:32,954 [myid:] - INFO  [main:ZookeeperBanner@42] -  /_____|  \___/   \___/  |_|\_\  \___|  \___| | .__/   \___| |_|
2026-01-05 08:12:32,954 [myid:] - INFO  [main:ZookeeperBanner@42] -                                               | |                     
2026-01-05 08:12:32,954 [myid:] - INFO  [main:ZookeeperBanner@42] -                                               |_|                     
2026-01-05 08:12:32,954 [myid:] - INFO  [main:ZookeeperBanner@42] - 
2026-01-05 08:12:32,956 [myid:] - INFO  [main:Environment@98] - Server environment:zookeeper.version=3.6.3--6401e4ad2087061bc6b9f80dec2d69f2e3c8660a, built on 04/08/2021 16:35 GMT
2026-01-05 08:12:32,956 [myid:] - INFO  [main:Environment@98] - Server environment:host.name=mikles64
2026-01-05 08:12:32,956 [myid:] - INFO  [main:Environment@98] - Server environment:java.version=17.0.17
2026-01-05 08:12:32,957 [myid:] - INFO  [main:Environment@98] - Server environment:java.vendor=Ubuntu
2026-01-05 08:12:32,957 [myid:] - INFO  [main:Environment@98] - Server environment:java.home=/usr/lib/jvm/java-17-openjdk-amd64
2026-01-05 08:12:32,957 [myid:] - INFO  [main:Environment@98] - Server environment:java.class.path=/home/mikles64/Documentos/Distribuidos/Clase44/apache-zookeeper-3.6.3-bin/bin/../zookeeper-server/target/classes:/home/mikles64/Documentos/Distribuidos/Clase44/apache-zookeeper-3.6.3-bin/bin/../build/classes:/home/mikles64/Documentos/Distribuidos/Clase44/apache-zookeeper-3.6.3-bin/bin/../zookeeper-server/target/lib/*.jar:/home/mikles64/Documentos/Distribuidos/Clase44/apache-zookeeper-3.6.3-bin/bin/../build/lib/*.jar:/home/mikles64/Documentos/Distribuidos/Clase44/apache-zookeeper-3.6.3-bin/bin/../lib/zookeeper-prometheus-metrics-3.6.3.jar:/home/mikles64/Documentos/Distribuidos/Clase44/apache-zookeeper-3.6.3-bin/bin/../lib/zookeeper-jute-3.6.3.jar:/home/mikles64/Documentos/Distribuidos/Clase44/apache-zookeeper-3.6.3-bin/bin/../lib/zookeeper-3.6.3.jar:/home/mikles64/Documentos/Distribuidos/Clase44/apache-zookeeper-3.6.3-bin/bin/../lib/snappy-java-1.1.7.jar:/home/mikles64/Documentos/Distribuidos/Clase44/apache-zookeeper-3.6.3-bin/bin/../lib/slf4j-log4j12-1.7.25.jar:/home/mikles64/Documentos/Distribuidos/Clase44/apache-zookeeper-3.6.3-bin/bin/../lib/slf4j-api-1.7.25.jar:/home/mikles64/Documentos/Distribuidos/Clase44/apache-zookeeper-3.6.3-bin/bin/../lib/simpleclient_servlet-0.6.0.jar:/home/mikles64/Documentos/Distribuidos/Clase44/apache-zookeeper-3.6.3-bin/bin/../lib/simpleclient_hotspot-0.6.0.jar:/home/mikles64/Documentos/Distribuidos/Clase44/apache-zookeeper-3.6.3-bin/bin/../lib/simpleclient_common-0.6.0.jar:/home/mikles64/Documentos/Distribuidos/Clase44/apache-zookeeper-3.6.3-bin/bin/../lib/simpleclient-0.6.0.jar:/home/mikles64/Documentos/Distribuidos/Clase44/apache-zookeeper-3.6.3-bin/bin/../lib/netty-transport-native-unix-common-4.1.63.Final.jar:/home/mikles64/Documentos/Distribuidos/Clase44/apache-zookeeper-3.6.3-bin/bin/../lib/netty-transport-native-epoll-4.1.63.Final.jar:/home/mikles64/Documentos/Distribuidos/Clase44/apache-zookeeper-3.6.3-bin/bin/../lib/netty-transport-4.1.63.Final.jar:/home/mikles64/Documentos/Distribuidos/Clase44/apache-zookeeper-3.6.3-bin/bin/../lib/netty-resolver-4.1.63.Final.jar:/home/mikles64/Documentos/Distribuidos/Clase44/apache-zookeeper-3.6.3-bin/bin/../lib/netty-handler-4.1.63.Final.jar:/home/mikles64/Documentos/Distribuidos/Clase44/apache-zookeeper-3.6.3-bin/bin/../lib/netty-common-4.1.63.Final.jar:/home/mikles64/Documentos/Distribuidos/Clase44/apache-zookeeper-3.6.3-bin/bin/../lib/netty-codec-4.1.63.Final.jar:/home/mikles64/Documentos/Distribuidos/Clase44/apache-zookeeper-3.6.3-bin/bin/../lib/netty-buffer-4.1.63.Final.jar:/home/mikles64/Documentos/Distribuidos/Clase44/apache-zookeeper-3.6.3-bin/bin/../lib/metrics-core-3.2.5.jar:/home/mikles64/Documentos/Distribuidos/Clase44/apache-zookeeper-3.6.3-bin/bin/../lib/log4j-1.2.17.jar:/home/mikles64/Documentos/Distribuidos/Clase44/apache-zookeeper-3.6.3-bin/bin/../lib/json-simple-1.1.1.jar:/home/mikles64/Documentos/Distribuidos/Clase44/apache-zookeeper-3.6.3-bin/bin/../lib/jline-2.14.6.jar:/home/mikles64/Documentos/Distribuidos/Clase44/apache-zookeeper-3.6.3-bin/bin/../lib/jetty-util-ajax-9.4.39.v20210325.jar:/home/mikles64/Documentos/Distribuidos/Clase44/apache-zookeeper-3.6.3-bin/bin/../lib/jetty-util-9.4.39.v20210325.jar:/home/mikles64/Documentos/Distribuidos/Clase44/apache-zookeeper-3.6.3-bin/bin/../lib/jetty-servlet-9.4.39.v20210325.jar:/home/mikles64/Documentos/Distribuidos/Clase44/apache-zookeeper-3.6.3-bin/bin/../lib/jetty-server-9.4.39.v20210325.jar:/home/mikles64/Documentos/Distribuidos/Clase44/apache-zookeeper-3.6.3-bin/bin/../lib/jetty-security-9.4.39.v20210325.jar:/home/mikles64/Documentos/Distribuidos/Clase44/apache-zookeeper-3.6.3-bin/bin/../lib/jetty-io-9.4.39.v20210325.jar:/home/mikles64/Documentos/Distribuidos/Clase44/apache-zookeeper-3.6.3-bin/bin/../lib/jetty-http-9.4.39.v20210325.jar:/home/mikles64/Documentos/Distribuidos/Clase44/apache-zookeeper-3.6.3-bin/bin/../lib/javax.servlet-api-3.1.0.jar:/home/mikles64/Documentos/Distribuidos/Clase44/apache-zookeeper-3.6.3-bin/bin/../lib/jackson-databind-2.10.5.1.jar:/home/mikles64/Documentos/Distribuidos/Clase44/apache-zookeeper-3.6.3-bin/bin/../lib/jackson-core-2.10.5.jar:/home/mikles64/Documentos/Distribuidos/Clase44/apache-zookeeper-3.6.3-bin/bin/../lib/jackson-annotations-2.10.5.jar:/home/mikles64/Documentos/Distribuidos/Clase44/apache-zookeeper-3.6.3-bin/bin/../lib/commons-cli-1.2.jar:/home/mikles64/Documentos/Distribuidos/Clase44/apache-zookeeper-3.6.3-bin/bin/../lib/audience-annotations-0.5.0.jar:/home/mikles64/Documentos/Distribuidos/Clase44/apache-zookeeper-3.6.3-bin/bin/../zookeeper-*.jar:/home/mikles64/Documentos/Distribuidos/Clase44/apache-zookeeper-3.6.3-bin/bin/../zookeeper-server/src/main/resources/lib/*.jar:/home/mikles64/Documentos/Distribuidos/Clase44/apache-zookeeper-3.6.3-bin/bin/../conf:
2026-01-05 08:12:32,957 [myid:] - INFO  [main:Environment@98] - Server environment:java.library.path=/usr/java/packages/lib:/usr/lib/x86_64-linux-gnu/jni:/lib/x86_64-linux-gnu:/usr/lib/x86_64-linux-gnu:/usr/lib/jni:/lib:/usr/lib
2026-01-05 08:12:32,958 [myid:] - INFO  [main:Environment@98] - Server environment:java.io.tmpdir=/tmp
2026-01-05 08:12:32,958 [myid:] - INFO  [main:Environment@98] - Server environment:java.compiler=<NA>
2026-01-05 08:12:32,958 [myid:] - INFO  [main:Environment@98] - Server environment:os.name=Linux
2026-01-05 08:12:32,958 [myid:] - INFO  [main:Environment@98] - Server environment:os.arch=amd64
2026-01-05 08:12:32,958 [myid:] - INFO  [main:Environment@98] - Server environment:os.version=6.8.0-90-generic
2026-01-05 08:12:32,958 [myid:] - INFO  [main:Environment@98] - Server environment:user.name=mikles64
2026-01-05 08:12:32,958 [myid:] - INFO  [main:Environment@98] - Server environment:user.home=/home/mikles64
2026-01-05 08:12:32,958 [myid:] - INFO  [main:Environment@98] - Server environment:user.dir=/home/mikles64/Documentos/Distribuidos/Clase44/apache-zookeeper-3.6.3-bin/bin
2026-01-05 08:12:32,958 [myid:] - INFO  [main:Environment@98] - Server environment:os.memory.free=113MB
2026-01-05 08:12:32,959 [myid:] - INFO  [main:Environment@98] - Server environment:os.memory.max=1000MB
2026-01-05 08:12:32,959 [myid:] - INFO  [main:Environment@98] - Server environment:os.memory.total=126MB
2026-01-05 08:12:32,959 [myid:] - INFO  [main:ZooKeeperServer@129] - zookeeper.enableEagerACLCheck = false
2026-01-05 08:12:32,959 [myid:] - INFO  [main:ZooKeeperServer@137] - zookeeper.digest.enabled = true
2026-01-05 08:12:32,959 [myid:] - INFO  [main:ZooKeeperServer@141] - zookeeper.closeSessionTxn.enabled = true
2026-01-05 08:12:32,959 [myid:] - INFO  [main:ZooKeeperServer@1461] - zookeeper.flushDelay=0
2026-01-05 08:12:32,959 [myid:] - INFO  [main:ZooKeeperServer@1470] - zookeeper.maxWriteQueuePollTime=0
2026-01-05 08:12:32,960 [myid:] - INFO  [main:ZooKeeperServer@1479] - zookeeper.maxBatchSize=1000
2026-01-05 08:12:32,960 [myid:] - INFO  [main:ZooKeeperServer@243] - zookeeper.intBufferStartingSizeBytes = 1024
2026-01-05 08:12:32,961 [myid:] - INFO  [main:BlueThrottle@141] - Weighed connection throttling is disabled
2026-01-05 08:12:32,962 [myid:] - INFO  [main:ZooKeeperServer@1273] - minSessionTimeout set to 4000
2026-01-05 08:12:32,962 [myid:] - INFO  [main:ZooKeeperServer@1282] - maxSessionTimeout set to 40000
2026-01-05 08:12:32,963 [myid:] - INFO  [main:ResponseCache@45] - Response cache size is initialized with value 400.
2026-01-05 08:12:32,964 [myid:] - INFO  [main:ResponseCache@45] - Response cache size is initialized with value 400.
2026-01-05 08:12:32,965 [myid:] - INFO  [main:RequestPathMetricsCollector@109] - zookeeper.pathStats.slotCapacity = 60
2026-01-05 08:12:32,965 [myid:] - INFO  [main:RequestPathMetricsCollector@110] - zookeeper.pathStats.slotDuration = 15
2026-01-05 08:12:32,965 [myid:] - INFO  [main:RequestPathMetricsCollector@111] - zookeeper.pathStats.maxDepth = 6
2026-01-05 08:12:32,965 [myid:] - INFO  [main:RequestPathMetricsCollector@112] - zookeeper.pathStats.initialDelay = 5
2026-01-05 08:12:32,965 [myid:] - INFO  [main:RequestPathMetricsCollector@113] - zookeeper.pathStats.delay = 5
2026-01-05 08:12:32,965 [myid:] - INFO  [main:RequestPathMetricsCollector@114] - zookeeper.pathStats.enabled = false
2026-01-05 08:12:32,989 [myid:] - INFO  [main:ZooKeeperServer@1498] - The max bytes for all large requests are set to 104857600
2026-01-05 08:12:32,989 [myid:] - INFO  [main:ZooKeeperServer@1512] - The large request threshold is set to -1
2026-01-05 08:12:32,990 [myid:] - INFO  [main:ZooKeeperServer@339] - Created server with tickTime 2000 minSessionTimeout 4000 maxSessionTimeout 40000 clientPortListenBacklog -1 datadir /tmp/zookeeper/version-2 snapdir /tmp/zookeeper/version-2
2026-01-05 08:12:33,056 [myid:] - INFO  [main:Log@169] - Logging initialized @627ms to org.eclipse.jetty.util.log.Slf4jLog
2026-01-05 08:12:33,158 [myid:] - WARN  [main:ContextHandler@1660] - o.e.j.s.ServletContextHandler@47eaca72{/,null,STOPPED} contextPath ends with /*
2026-01-05 08:12:33,158 [myid:] - WARN  [main:ContextHandler@1671] - Empty contextPath
2026-01-05 08:12:33,186 [myid:] - INFO  [main:Server@375] - jetty-9.4.39.v20210325; built: 2021-03-25T14:42:11.471Z; git: 9fc7ca5a922f2a37b84ec9dbc26a5168cee7e667; jvm 17.0.17+10-Ubuntu-124.04
2026-01-05 08:12:33,222 [myid:] - INFO  [main:DefaultSessionIdManager@334] - DefaultSessionIdManager workerName=node0
2026-01-05 08:12:33,222 [myid:] - INFO  [main:DefaultSessionIdManager@339] - No SessionScavenger set, using defaults
2026-01-05 08:12:33,224 [myid:] - INFO  [main:HouseKeeper@132] - node0 Scavenging every 600000ms
2026-01-05 08:12:33,229 [myid:] - WARN  [main:ConstraintSecurityHandler@759] - ServletContext@o.e.j.s.ServletContextHandler@47eaca72{/,null,STARTING} has uncovered http methods for path: /*
2026-01-05 08:12:33,246 [myid:] - INFO  [main:ContextHandler@916] - Started o.e.j.s.ServletContextHandler@47eaca72{/,null,AVAILABLE}
2026-01-05 08:12:33,266 [myid:] - INFO  [main:AbstractConnector@331] - Started ServerConnector@f5ac9e4{HTTP/1.1, (http/1.1)}{0.0.0.0:8080}
2026-01-05 08:12:33,266 [myid:] - INFO  [main:Server@415] - Started @858ms
2026-01-05 08:12:33,266 [myid:] - INFO  [main:JettyAdminServer@191] - Started AdminServer on address 0.0.0.0, port 8080 and command URL /commands
2026-01-05 08:12:33,281 [myid:] - INFO  [main:ServerCnxnFactory@169] - Using org.apache.zookeeper.server.NIOServerCnxnFactory as server connection factory
2026-01-05 08:12:33,301 [myid:] - WARN  [main:ServerCnxnFactory@309] - maxCnxns is not configured, using default value 0.
2026-01-05 08:12:33,302 [myid:] - INFO  [main:NIOServerCnxnFactory@666] - Configuring NIO connection handler with 10s sessionless connection timeout, 1 selector thread(s), 8 worker threads, and 64 kB direct buffers.
2026-01-05 08:12:33,303 [myid:] - INFO  [main:NIOServerCnxnFactory@674] - binding to port 0.0.0.0/0.0.0.0:2181
2026-01-05 08:12:33,318 [myid:] - INFO  [main:WatchManagerFactory@42] - Using org.apache.zookeeper.server.watch.WatchManager as watch manager
2026-01-05 08:12:33,318 [myid:] - INFO  [main:WatchManagerFactory@42] - Using org.apache.zookeeper.server.watch.WatchManager as watch manager
2026-01-05 08:12:33,319 [myid:] - INFO  [main:ZKDatabase@132] - zookeeper.snapshotSizeFactor = 0.33
2026-01-05 08:12:33,319 [myid:] - INFO  [main:ZKDatabase@152] - zookeeper.commitLogCount=500
2026-01-05 08:12:33,328 [myid:] - INFO  [main:SnapStream@61] - zookeeper.snapshot.compression.method = CHECKED
2026-01-05 08:12:33,328 [myid:] - INFO  [main:FileTxnSnapLog@470] - Snapshotting: 0x0 to /tmp/zookeeper/version-2/snapshot.0
2026-01-05 08:12:33,332 [myid:] - INFO  [main:ZKDatabase@289] - Snapshot loaded in 12 ms, highest zxid is 0x0, digest is 1371985504
2026-01-05 08:12:33,332 [myid:] - INFO  [main:FileTxnSnapLog@470] - Snapshotting: 0x0 to /tmp/zookeeper/version-2/snapshot.0
2026-01-05 08:12:33,333 [myid:] - INFO  [main:ZooKeeperServer@529] - Snapshot taken in 0 ms
2026-01-05 08:12:33,341 [myid:] - INFO  [ProcessThread(sid:0 cport:2181)::PrepRequestProcessor@136] - PrepRequestProcessor (sid:0) started, reconfigEnabled=false
2026-01-05 08:12:33,341 [myid:] - INFO  [main:RequestThrottler@74] - zookeeper.request_throttler.shutdownTimeout = 10000
2026-01-05 08:12:33,368 [myid:] - INFO  [main:ContainerManager@83] - Using checkIntervalMs=60000 maxPerMinute=10000 maxNeverUsedIntervalMs=0
2026-01-05 08:12:33,369 [myid:] - INFO  [main:ZKAuditProvider@42] - ZooKeeper audit is disabled.
2026-01-05 08:25:58,925 [myid:] - INFO  [SyncThread:0:FileTxnLog@284] - Creating new log file: log.1
2026-01-05 08:30:49,757 [myid:] - WARN  [NIOWorkerThread-2:NIOServerCnxn@364] - Unexpected exception
EndOfStreamException: Unable to read additional data from client, it probably closed the socket: address = /127.0.0.1:44348, session = 0x100002ed8b60000
	at org.apache.zookeeper.server.NIOServerCnxn.handleFailedRead(NIOServerCnxn.java:163)
	at org.apache.zookeeper.server.NIOServerCnxn.doIO(NIOServerCnxn.java:326)
	at org.apache.zookeeper.server.NIOServerCnxnFactory$IOWorkRequest.doWork(NIOServerCnxnFactory.java:522)
	at org.apache.zookeeper.server.WorkerService$ScheduledWorkRequest.run(WorkerService.java:154)
	at java.base/java.util.concurrent.ThreadPoolExecutor.runWorker(ThreadPoolExecutor.java:1136)
	at java.base/java.util.concurrent.ThreadPoolExecutor$Worker.run(ThreadPoolExecutor.java:635)
	at java.base/java.lang.Thread.run(Thread.java:840)
2026-01-05 08:30:53,201 [myid:] - INFO  [SessionTracker:ZooKeeperServer@610] - Expiring session 0x100002ed8b60000, timeout of 4000ms exceeded
2026-01-05 08:43:01,040 [myid:] - WARN  [NIOWorkerThread-8:NIOServerCnxn@364] - Unexpected exception
EndOfStreamException: Unable to read additional data from client, it probably closed the socket: address = /127.0.0.1:40302, session = 0x100002ed8b60003
	at org.apache.zookeeper.server.NIOServerCnxn.handleFailedRead(NIOServerCnxn.java:163)
	at org.apache.zookeeper.server.NIOServerCnxn.doIO(NIOServerCnxn.java:326)
	at org.apache.zookeeper.server.NIOServerCnxnFactory$IOWorkRequest.doWork(NIOServerCnxnFactory.java:522)
	at org.apache.zookeeper.server.WorkerService$ScheduledWorkRequest.run(WorkerService.java:154)
	at java.base/java.util.concurrent.ThreadPoolExecutor.runWorker(ThreadPoolExecutor.java:1136)
	at java.base/java.util.concurrent.ThreadPoolExecutor$Worker.run(ThreadPoolExecutor.java:635)
	at java.base/java.lang.Thread.run(Thread.java:840)
2026-01-05 08:43:05,200 [myid:] - INFO  [SessionTracker:ZooKeeperServer@610] - Expiring session 0x100002ed8b60003, timeout of 4000ms exceeded
2026-01-05 08:43:17,525 [myid:] - WARN  [NIOWorkerThread-2:NIOServerCnxn@364] - Unexpected exception
EndOfStreamException: Unable to read additional data from client, it probably closed the socket: address = /127.0.0.1:33428, session = 0x100002ed8b60004
	at org.apache.zookeeper.server.NIOServerCnxn.handleFailedRead(NIOServerCnxn.java:163)
	at org.apache.zookeeper.server.NIOServerCnxn.doIO(NIOServerCnxn.java:326)
	at org.apache.zookeeper.server.NIOServerCnxnFactory$IOWorkRequest.doWork(NIOServerCnxnFactory.java:522)
	at org.apache.zookeeper.server.WorkerService$ScheduledWorkRequest.run(WorkerService.java:154)
	at java.base/java.util.concurrent.ThreadPoolExecutor.runWorker(ThreadPoolExecutor.java:1136)
	at java.base/java.util.concurrent.ThreadPoolExecutor$Worker.run(ThreadPoolExecutor.java:635)
	at java.base/java.lang.Thread.run(Thread.java:840)
2026-01-05 08:43:21,201 [myid:] - INFO  [SessionTracker:ZooKeeperServer@610] - Expiring session 0x100002ed8b60004, timeout of 4000ms exceeded
2026-01-05 08:48:43,634 [myid:] - WARN  [NIOWorkerThread-5:NIOServerCnxn@364] - Unexpected exception
EndOfStreamException: Unable to read additional data from client, it probably closed the socket: address = /127.0.0.1:49578, session = 0x100002ed8b60005
	at org.apache.zookeeper.server.NIOServerCnxn.handleFailedRead(NIOServerCnxn.java:163)
	at org.apache.zookeeper.server.NIOServerCnxn.doIO(NIOServerCnxn.java:326)
	at org.apache.zookeeper.server.NIOServerCnxnFactory$IOWorkRequest.doWork(NIOServerCnxnFactory.java:522)
	at org.apache.zookeeper.server.WorkerService$ScheduledWorkRequest.run(WorkerService.java:154)
	at java.base/java.util.concurrent.ThreadPoolExecutor.runWorker(ThreadPoolExecutor.java:1136)
	at java.base/java.util.concurrent.ThreadPoolExecutor$Worker.run(ThreadPoolExecutor.java:635)
	at java.base/java.lang.Thread.run(Thread.java:840)
2026-01-05 08:48:47,201 [myid:] - INFO  [SessionTracker:ZooKeeperServer@610] - Expiring session 0x100002ed8b60005, timeout of 4000ms exceeded
2026-01-05 08:50:30,803 [myid:] - WARN  [NIOWorkerThread-5:NIOServerCnxn@364] - Unexpected exception
EndOfStreamException: Unable to read additional data from client, it probably closed the socket: address = /127.0.0.1:49162, session = 0x100002ed8b60006
	at org.apache.zookeeper.server.NIOServerCnxn.handleFailedRead(NIOServerCnxn.java:163)
	at org.apache.zookeeper.server.NIOServerCnxn.doIO(NIOServerCnxn.java:326)
	at org.apache.zookeeper.server.NIOServerCnxnFactory$IOWorkRequest.doWork(NIOServerCnxnFactory.java:522)
	at org.apache.zookeeper.server.WorkerService$ScheduledWorkRequest.run(WorkerService.java:154)
	at java.base/java.util.concurrent.ThreadPoolExecutor.runWorker(ThreadPoolExecutor.java:1136)
	at java.base/java.util.concurrent.ThreadPoolExecutor$Worker.run(ThreadPoolExecutor.java:635)
	at java.base/java.lang.Thread.run(Thread.java:840)
2026-01-05 08:50:35,201 [myid:] - INFO  [SessionTracker:ZooKeeperServer@610] - Expiring session 0x100002ed8b60006, timeout of 4000ms exceeded
2026-01-05 08:50:45,756 [myid:] - WARN  [NIOWorkerThread-6:NIOServerCnxn@364] - Unexpected exception
EndOfStreamException: Unable to read additional data from client, it probably closed the socket: address = /127.0.0.1:44824, session = 0x100002ed8b60007
	at org.apache.zookeeper.server.NIOServerCnxn.handleFailedRead(NIOServerCnxn.java:163)
	at org.apache.zookeeper.server.NIOServerCnxn.doIO(NIOServerCnxn.java:326)
	at org.apache.zookeeper.server.NIOServerCnxnFactory$IOWorkRequest.doWork(NIOServerCnxnFactory.java:522)
	at org.apache.zookeeper.server.WorkerService$ScheduledWorkRequest.run(WorkerService.java:154)
	at java.base/java.util.concurrent.ThreadPoolExecutor.runWorker(ThreadPoolExecutor.java:1136)
	at java.base/java.util.concurrent.ThreadPoolExecutor$Worker.run(ThreadPoolExecutor.java:635)
	at java.base/java.lang.Thread.run(Thread.java:840)
2026-01-05 08:50:49,201 [myid:] - INFO  [SessionTracker:ZooKeeperServer@610] - Expiring session 0x100002ed8b60007, timeout of 4000ms exceeded
2026-01-05 08:50:59,324 [myid:] - WARN  [NIOWorkerThread-3:NIOServerCnxn@364] - Unexpected exception
EndOfStreamException: Unable to read additional data from client, it probably closed the socket: address = /127.0.0.1:44832, session = 0x100002ed8b60008
	at org.apache.zookeeper.server.NIOServerCnxn.handleFailedRead(NIOServerCnxn.java:163)
	at org.apache.zookeeper.server.NIOServerCnxn.doIO(NIOServerCnxn.java:326)
	at org.apache.zookeeper.server.NIOServerCnxnFactory$IOWorkRequest.doWork(NIOServerCnxnFactory.java:522)
	at org.apache.zookeeper.server.WorkerService$ScheduledWorkRequest.run(WorkerService.java:154)
	at java.base/java.util.concurrent.ThreadPoolExecutor.runWorker(ThreadPoolExecutor.java:1136)
	at java.base/java.util.concurrent.ThreadPoolExecutor$Worker.run(ThreadPoolExecutor.java:635)
	at java.base/java.lang.Thread.run(Thread.java:840)
2026-01-05 08:51:03,200 [myid:] - INFO  [SessionTracker:ZooKeeperServer@610] - Expiring session 0x100002ed8b60008, timeout of 4000ms exceeded
2026-01-05 08:51:21,475 [myid:] - WARN  [NIOWorkerThread-1:NIOServerCnxn@364] - Unexpected exception
EndOfStreamException: Unable to read additional data from client, it probably closed the socket: address = /127.0.0.1:55268, session = 0x100002ed8b60009
	at org.apache.zookeeper.server.NIOServerCnxn.handleFailedRead(NIOServerCnxn.java:163)
	at org.apache.zookeeper.server.NIOServerCnxn.doIO(NIOServerCnxn.java:326)
	at org.apache.zookeeper.server.NIOServerCnxnFactory$IOWorkRequest.doWork(NIOServerCnxnFactory.java:522)
	at org.apache.zookeeper.server.WorkerService$ScheduledWorkRequest.run(WorkerService.java:154)
	at java.base/java.util.concurrent.ThreadPoolExecutor.runWorker(ThreadPoolExecutor.java:1136)
	at java.base/java.util.concurrent.ThreadPoolExecutor$Worker.run(ThreadPoolExecutor.java:635)
	at java.base/java.lang.Thread.run(Thread.java:840)
2026-01-05 08:51:25,201 [myid:] - INFO  [SessionTracker:ZooKeeperServer@610] - Expiring session 0x100002ed8b60009, timeout of 4000ms exceeded
2026-01-05 08:52:34,283 [myid:] - WARN  [NIOWorkerThread-1:NIOServerCnxn@364] - Unexpected exception
EndOfStreamException: Unable to read additional data from client, it probably closed the socket: address = /127.0.0.1:33110, session = 0x100002ed8b6000a
	at org.apache.zookeeper.server.NIOServerCnxn.handleFailedRead(NIOServerCnxn.java:163)
	at org.apache.zookeeper.server.NIOServerCnxn.doIO(NIOServerCnxn.java:326)
	at org.apache.zookeeper.server.NIOServerCnxnFactory$IOWorkRequest.doWork(NIOServerCnxnFactory.java:522)
	at org.apache.zookeeper.server.WorkerService$ScheduledWorkRequest.run(WorkerService.java:154)
	at java.base/java.util.concurrent.ThreadPoolExecutor.runWorker(ThreadPoolExecutor.java:1136)
	at java.base/java.util.concurrent.ThreadPoolExecutor$Worker.run(ThreadPoolExecutor.java:635)
	at java.base/java.lang.Thread.run(Thread.java:840)
2026-01-05 08:52:39,200 [myid:] - INFO  [SessionTracker:ZooKeeperServer@610] - Expiring session 0x100002ed8b6000a, timeout of 4000ms exceeded
2026-01-05 08:52:42,513 [myid:] - WARN  [NIOWorkerThread-1:NIOServerCnxn@364] - Unexpected exception
EndOfStreamException: Unable to read additional data from client, it probably closed the socket: address = /127.0.0.1:59210, session = 0x100002ed8b6000b
	at org.apache.zookeeper.server.NIOServerCnxn.handleFailedRead(NIOServerCnxn.java:163)
	at org.apache.zookeeper.server.NIOServerCnxn.doIO(NIOServerCnxn.java:326)
	at org.apache.zookeeper.server.NIOServerCnxnFactory$IOWorkRequest.doWork(NIOServerCnxnFactory.java:522)
	at org.apache.zookeeper.server.WorkerService$ScheduledWorkRequest.run(WorkerService.java:154)
	at java.base/java.util.concurrent.ThreadPoolExecutor.runWorker(ThreadPoolExecutor.java:1136)
	at java.base/java.util.concurrent.ThreadPoolExecutor$Worker.run(ThreadPoolExecutor.java:635)
	at java.base/java.lang.Thread.run(Thread.java:840)
2026-01-05 08:52:47,201 [myid:] - INFO  [SessionTracker:ZooKeeperServer@610] - Expiring session 0x100002ed8b6000b, timeout of 4000ms exceeded
2026-01-05 08:52:49,910 [myid:] - WARN  [NIOWorkerThread-3:NIOServerCnxn@364] - Unexpected exception
EndOfStreamException: Unable to read additional data from client, it probably closed the socket: address = /127.0.0.1:46468, session = 0x100002ed8b6000c
	at org.apache.zookeeper.server.NIOServerCnxn.handleFailedRead(NIOServerCnxn.java:163)
	at org.apache.zookeeper.server.NIOServerCnxn.doIO(NIOServerCnxn.java:326)
	at org.apache.zookeeper.server.NIOServerCnxnFactory$IOWorkRequest.doWork(NIOServerCnxnFactory.java:522)
	at org.apache.zookeeper.server.WorkerService$ScheduledWorkRequest.run(WorkerService.java:154)
	at java.base/java.util.concurrent.ThreadPoolExecutor.runWorker(ThreadPoolExecutor.java:1136)
	at java.base/java.util.concurrent.ThreadPoolExecutor$Worker.run(ThreadPoolExecutor.java:635)
	at java.base/java.lang.Thread.run(Thread.java:840)
2026-01-05 08:52:53,201 [myid:] - INFO  [SessionTracker:ZooKeeperServer@610] - Expiring session 0x100002ed8b6000c, timeout of 4000ms exceeded
